1612766065887	geckodriver	INFO	Listening on 127.0.0.1:57328
1612766066704	mozrunner::runner	INFO	Running command: "/Applications/Firefox.app/Contents/MacOS/firefox-bin" "--marionette" "-foreground" "-no-remote" "-profile" "/var/folders/24/fsvtdk8115lbk1p0nh750zp80000gn/T/rust_mozprofileQpoHte"
console.error: Region.jsm: "Error fetching region" (new Error("TIMEOUT", "resource://gre/modules/Region.jsm", 775))
console.error: Region.jsm: "Failed to fetch region" (new Error("TIMEOUT", "resource://gre/modules/Region.jsm", 422))
console.warn: SearchSettings: "get: No settings file exists, new profile?" (new Error("", "(unknown module)"))
1612766116641	Marionette	INFO	Listening on port 57339
1612766118246	Marionette	WARN	TLS certificate errors will be ignored for this session
1612766119019	Marionette	ERROR	[19] No reply from Marionette:Register
JavaScript error: , line 0: NotFoundError: No such JSWindowActor 'MarionetteEvents'
JavaScript error: resource://gre/actors/AutoCompleteChild.jsm, line 125: Error: Invalid autocomplete selectedIndex
JavaScript error: resource://gre/actors/AutoCompleteChild.jsm, line 125: Error: Invalid autocomplete selectedIndex
JavaScript error: resource://gre/modules/LoginManagerChild.jsm, line 190: NS_ERROR_XPC_JAVASCRIPT_ERROR_WITH_DETAILS: [JavaScript Error: "Invalid autocomplete selectedIndex" {file: "resource://gre/actors/AutoCompleteChild.jsm" line: 125}]'[JavaScript Error: "Invalid autocomplete selectedIndex" {file: "resource://gre/actors/AutoCompleteChild.jsm" line: 125}]' when calling method: [nsIAutoCompletePopup::selectedIndex]
1612766141036	Marionette	INFO	Stopped listening on port 57339
[Child 8753, IPC I/O Child] WARNING: pipe error: Socket is not connected: file /builds/worker/checkouts/gecko/ipc/chromium/src/chrome/common/ipc_channel_posix.cc:697

###!!! [Parent][RunMessage] Error: Channel closing: too late to send/recv, messages will be lost

1612766780437	geckodriver	INFO	Listening on 127.0.0.1:57950
1612766781430	mozrunner::runner	INFO	Running command: "/Applications/Firefox.app/Contents/MacOS/firefox-bin" "--marionette" "-foreground" "-no-remote" "-profile" "/var/folders/24/fsvtdk8115lbk1p0nh750zp80000gn/T/rust_mozprofile2RZO8s"
console.warn: SearchSettings: "get: No settings file exists, new profile?" (new Error("", "(unknown module)"))
console.error: Region.jsm: "Error fetching region" (new Error("TIMEOUT", "resource://gre/modules/Region.jsm", 775))
console.error: Region.jsm: "Failed to fetch region" (new Error("TIMEOUT", "resource://gre/modules/Region.jsm", 422))
1612766828927	Marionette	INFO	Listening on port 57961
1612766829449	Marionette	WARN	TLS certificate errors will be ignored for this session
1612766829772	Marionette	ERROR	[19] No reply from Marionette:Register
JavaScript error: , line 0: NotFoundError: No such JSWindowActor 'MarionetteEvents'
JavaScript error: resource://gre/actors/AutoCompleteChild.jsm, line 125: Error: Invalid autocomplete selectedIndex
JavaScript error: resource://gre/actors/AutoCompleteChild.jsm, line 125: Error: Invalid autocomplete selectedIndex
JavaScript error: resource://gre/modules/LoginManagerChild.jsm, line 190: NS_ERROR_XPC_JAVASCRIPT_ERROR_WITH_DETAILS: [JavaScript Error: "Invalid autocomplete selectedIndex" {file: "resource://gre/actors/AutoCompleteChild.jsm" line: 125}]'[JavaScript Error: "Invalid autocomplete selectedIndex" {file: "resource://gre/actors/AutoCompleteChild.jsm" line: 125}]' when calling method: [nsIAutoCompletePopup::selectedIndex]
1612766839311	Marionette	INFO	Stopped listening on port 57961

###!!! [Parent][RunMessage] Error: Channel closing: too late to send/recv, messages will be lost

1612766898971	geckodriver	INFO	Listening on 127.0.0.1:58486
1612766899124	mozrunner::runner	INFO	Running command: "/Applications/Firefox.app/Contents/MacOS/firefox-bin" "--marionette" "-foreground" "-no-remote" "-profile" "/var/folders/24/fsvtdk8115lbk1p0nh750zp80000gn/T/rust_mozprofileftfF4x"
console.warn: SearchSettings: "get: No settings file exists, new profile?" (new Error("", "(unknown module)"))
console.warn: SearchSettings: "get: No settings file exists, new profile?" (new Error("", "(unknown module)"))
1612766907599	Marionette	INFO	Listening on port 58495
1612766907683	Marionette	WARN	TLS certificate errors will be ignored for this session
1612766907700	Marionette	ERROR	[19] No reply from Marionette:Register
JavaScript error: resource://gre/actors/AutoCompleteChild.jsm, line 125: Error: Invalid autocomplete selectedIndex
JavaScript error: resource://gre/actors/AutoCompleteChild.jsm, line 125: Error: Invalid autocomplete selectedIndex
JavaScript error: resource://gre/modules/LoginManagerChild.jsm, line 190: NS_ERROR_XPC_JAVASCRIPT_ERROR_WITH_DETAILS: [JavaScript Error: "Invalid autocomplete selectedIndex" {file: "resource://gre/actors/AutoCompleteChild.jsm" line: 125}]'[JavaScript Error: "Invalid autocomplete selectedIndex" {file: "resource://gre/actors/AutoCompleteChild.jsm" line: 125}]' when calling method: [nsIAutoCompletePopup::selectedIndex]
1612767025816	Marionette	ERROR	[33] No reply from Marionette:Register
1612767031397	Marionette	INFO	Stopped listening on port 58495
1612767163075	geckodriver	INFO	Listening on 127.0.0.1:58672
1612767163304	mozrunner::runner	INFO	Running command: "/Applications/Firefox.app/Contents/MacOS/firefox-bin" "--marionette" "-foreground" "-no-remote" "-profile" "/var/folders/24/fsvtdk8115lbk1p0nh750zp80000gn/T/rust_mozprofilenEgmgJ"
console.warn: SearchSettings: "get: No settings file exists, new profile?" (new Error("", "(unknown module)"))
1612767172469	Marionette	INFO	Listening on port 58681
1612767172583	Marionette	WARN	TLS certificate errors will be ignored for this session
1612767172599	Marionette	ERROR	[19] No reply from Marionette:Register
JavaScript error: , line 0: NotFoundError: No such JSWindowActor 'MarionetteEvents'
JavaScript error: resource://gre/actors/AutoCompleteChild.jsm, line 125: Error: Invalid autocomplete selectedIndex
JavaScript error: resource://gre/actors/AutoCompleteChild.jsm, line 125: Error: Invalid autocomplete selectedIndex
JavaScript error: resource://gre/modules/LoginManagerChild.jsm, line 190: NS_ERROR_XPC_JAVASCRIPT_ERROR_WITH_DETAILS: [JavaScript Error: "Invalid autocomplete selectedIndex" {file: "resource://gre/actors/AutoCompleteChild.jsm" line: 125}]'[JavaScript Error: "Invalid autocomplete selectedIndex" {file: "resource://gre/actors/AutoCompleteChild.jsm" line: 125}]' when calling method: [nsIAutoCompletePopup::selectedIndex]
console.warn: LoginRecipes: "getRecipes: falling back to a synchronous message for:" "https://www.facebook.com"
1612767202066	Marionette	ERROR	[33] No reply from Marionette:Register
Exiting due to channel error.
Exiting due to channel error.
Exiting due to channel error.
1612767249846	geckodriver	INFO	Listening on 127.0.0.1:58831
1612767250009	mozrunner::runner	INFO	Running command: "/Applications/Firefox.app/Contents/MacOS/firefox-bin" "--marionette" "-foreground" "-no-remote" "-profile" "/var/folders/24/fsvtdk8115lbk1p0nh750zp80000gn/T/rust_mozprofiledmdjkT"
console.warn: SearchSettings: "get: No settings file exists, new profile?" (new Error("", "(unknown module)"))
1612767258329	Marionette	INFO	Listening on port 58840
1612767258409	Marionette	WARN	TLS certificate errors will be ignored for this session
1612767258427	Marionette	ERROR	[19] No reply from Marionette:Register
console.warn: SearchSettings: "get: No settings file exists, new profile?" (new Error("", "(unknown module)"))
JavaScript error: , line 0: NotFoundError: No such JSWindowActor 'MarionetteEvents'
JavaScript error: resource://gre/actors/AutoCompleteChild.jsm, line 125: Error: Invalid autocomplete selectedIndex
JavaScript error: resource://gre/actors/AutoCompleteChild.jsm, line 125: Error: Invalid autocomplete selectedIndex
JavaScript error: resource://gre/modules/LoginManagerChild.jsm, line 190: NS_ERROR_XPC_JAVASCRIPT_ERROR_WITH_DETAILS: [JavaScript Error: "Invalid autocomplete selectedIndex" {file: "resource://gre/actors/AutoCompleteChild.jsm" line: 125}]'[JavaScript Error: "Invalid autocomplete selectedIndex" {file: "resource://gre/actors/AutoCompleteChild.jsm" line: 125}]' when calling method: [nsIAutoCompletePopup::selectedIndex]
1612767271238	Marionette	ERROR	[33] No reply from Marionette:Register
1612767279835	Marionette	INFO	Stopped listening on port 58840

###!!! [Parent][RunMessage] Error: Channel closing: too late to send/recv, messages will be lost

1612767624411	geckodriver	INFO	Listening on 127.0.0.1:59025
1612767625415	mozrunner::runner	INFO	Running command: "/Applications/Firefox.app/Contents/MacOS/firefox-bin" "--marionette" "-foreground" "-no-remote" "-profile" "/var/folders/24/fsvtdk8115lbk1p0nh750zp80000gn/T/rust_mozprofilew0fzfo"
console.warn: SearchSettings: "get: No settings file exists, new profile?" (new Error("", "(unknown module)"))
console.error: Region.jsm: "Error fetching region" (new Error("TIMEOUT", "resource://gre/modules/Region.jsm", 775))
console.error: Region.jsm: "Failed to fetch region" (new Error("TIMEOUT", "resource://gre/modules/Region.jsm", 422))
1612767669485	Marionette	INFO	Listening on port 59036
1612767670043	Marionette	WARN	TLS certificate errors will be ignored for this session
1612767670212	Marionette	ERROR	[19] No reply from Marionette:Register
JavaScript error: , line 0: NotFoundError: No such JSWindowActor 'MarionetteEvents'
JavaScript error: resource://gre/actors/AutoCompleteChild.jsm, line 125: Error: Invalid autocomplete selectedIndex
JavaScript error: resource://gre/actors/AutoCompleteChild.jsm, line 125: Error: Invalid autocomplete selectedIndex
JavaScript error: resource://gre/modules/LoginManagerChild.jsm, line 190: NS_ERROR_XPC_JAVASCRIPT_ERROR_WITH_DETAILS: [JavaScript Error: "Invalid autocomplete selectedIndex" {file: "resource://gre/actors/AutoCompleteChild.jsm" line: 125}]'[JavaScript Error: "Invalid autocomplete selectedIndex" {file: "resource://gre/actors/AutoCompleteChild.jsm" line: 125}]' when calling method: [nsIAutoCompletePopup::selectedIndex]
1612767687985	Marionette	INFO	Stopped listening on port 59036

###!!! [Parent][RunMessage] Error: Channel closing: too late to send/recv, messages will be lost

1612767799868	geckodriver	INFO	Listening on 127.0.0.1:59529
1612767799954	mozrunner::runner	INFO	Running command: "/Applications/Firefox.app/Contents/MacOS/firefox-bin" "--marionette" "-foreground" "-no-remote" "-profile" "/var/folders/24/fsvtdk8115lbk1p0nh750zp80000gn/T/rust_mozprofilePvaQhX"
console.warn: SearchSettings: "get: No settings file exists, new profile?" (new Error("", "(unknown module)"))
1612767808661	Marionette	INFO	Listening on port 59538
console.warn: SearchSettings: "get: No settings file exists, new profile?" (new Error("", "(unknown module)"))
1612767808792	Marionette	WARN	TLS certificate errors will be ignored for this session
1612767808809	Marionette	ERROR	[19] No reply from Marionette:Register
JavaScript error: , line 0: NotFoundError: No such JSWindowActor 'MarionetteEvents'
JavaScript error: resource://gre/actors/AutoCompleteChild.jsm, line 125: Error: Invalid autocomplete selectedIndex
JavaScript error: resource://gre/actors/AutoCompleteChild.jsm, line 125: Error: Invalid autocomplete selectedIndex
JavaScript error: resource://gre/modules/LoginManagerChild.jsm, line 190: NS_ERROR_XPC_JAVASCRIPT_ERROR_WITH_DETAILS: [JavaScript Error: "Invalid autocomplete selectedIndex" {file: "resource://gre/actors/AutoCompleteChild.jsm" line: 125}]'[JavaScript Error: "Invalid autocomplete selectedIndex" {file: "resource://gre/actors/AutoCompleteChild.jsm" line: 125}]' when calling method: [nsIAutoCompletePopup::selectedIndex]
1612767825469	Marionette	ERROR	[33] No reply from Marionette:Register
1612767834010	Marionette	ERROR	[35] No reply from Marionette:Register
1612767836635	Marionette	INFO	Stopped listening on port 59538

###!!! [Child][MessageChannel] Error: (msgtype=0x5C000E,name=PHttpChannel::Msg___delete__) Channel closing: too late to send/recv, messages will be lost


###!!! [Child][RunMessage] Error: Channel closing: too late to send/recv, messages will be lost


###!!! [Parent][RunMessage] Error: Channel closing: too late to send/recv, messages will be lost


###!!! [Parent][RunMessage] Error: Channel closing: too late to send/recv, messages will be lost


###!!! [Parent][RunMessage] Error: Channel closing: too late to send/recv, messages will be lost


###!!! [Parent][RunMessage] Error: Channel closing: too late to send/recv, messages will be lost

1612768154731	geckodriver	INFO	Listening on 127.0.0.1:59743
1612768155790	mozrunner::runner	INFO	Running command: "/Applications/Firefox.app/Contents/MacOS/firefox-bin" "--marionette" "-foreground" "-no-remote" "-profile" "/var/folders/24/fsvtdk8115lbk1p0nh750zp80000gn/T/rust_mozprofiledpokYN"
console.warn: SearchSettings: "get: No settings file exists, new profile?" (new Error("", "(unknown module)"))
console.error: Region.jsm: "Error fetching region" (new Error("TIMEOUT", "resource://gre/modules/Region.jsm", 775))
console.error: Region.jsm: "Failed to fetch region" (new Error("TIMEOUT", "resource://gre/modules/Region.jsm", 422))
Exiting due to channel error.
Exiting due to channel error.
1612768264194	geckodriver	INFO	Listening on 127.0.0.1:60359
1612768264235	mozrunner::runner	INFO	Running command: "/Applications/Firefox.app/Contents/MacOS/firefox-bin" "--marionette" "-foreground" "-no-remote" "-profile" "/var/folders/24/fsvtdk8115lbk1p0nh750zp80000gn/T/rust_mozprofileFM2tto"
console.warn: SearchSettings: "get: No settings file exists, new profile?" (new Error("", "(unknown module)"))
console.warn: SearchSettings: "get: No settings file exists, new profile?" (new Error("", "(unknown module)"))
1612768274309	Marionette	INFO	Listening on port 60368
1612768275357	Marionette	WARN	TLS certificate errors will be ignored for this session
1612768275836	Marionette	ERROR	[19] No reply from Marionette:Register
JavaScript error: , line 0: NotFoundError: No such JSWindowActor 'MarionetteEvents'
JavaScript error: resource://gre/actors/AutoCompleteChild.jsm, line 125: Error: Invalid autocomplete selectedIndex
JavaScript error: resource://gre/actors/AutoCompleteChild.jsm, line 125: Error: Invalid autocomplete selectedIndex
JavaScript error: resource://gre/modules/LoginManagerChild.jsm, line 190: NS_ERROR_XPC_JAVASCRIPT_ERROR_WITH_DETAILS: [JavaScript Error: "Invalid autocomplete selectedIndex" {file: "resource://gre/actors/AutoCompleteChild.jsm" line: 125}]'[JavaScript Error: "Invalid autocomplete selectedIndex" {file: "resource://gre/actors/AutoCompleteChild.jsm" line: 125}]' when calling method: [nsIAutoCompletePopup::selectedIndex]
1612768302082	Marionette	INFO	Stopped listening on port 60368

###!!! [Parent][RunMessage] Error: Channel closing: too late to send/recv, messages will be lost

1612771423736	geckodriver	INFO	Listening on 127.0.0.1:60894
1612771424408	mozrunner::runner	INFO	Running command: "/Applications/Firefox.app/Contents/MacOS/firefox-bin" "--marionette" "-foreground" "-no-remote" "-profile" "/var/folders/24/fsvtdk8115lbk1p0nh750zp80000gn/T/rust_mozprofileGx6v13"
console.warn: SearchSettings: "get: No settings file exists, new profile?" (new Error("", "(unknown module)"))
console.error: Region.jsm: "Error fetching region" (new AbortError("The operation was aborted. ", (void 0), 773))
console.error: Region.jsm: "Failed to fetch region" (new Error("NO_RESULT", "resource://gre/modules/Region.jsm", 422))
Exiting due to channel error.
Exiting due to channel error.
1612771502599	geckodriver	INFO	Listening on 127.0.0.1:61506
1612771502839	mozrunner::runner	INFO	Running command: "/Applications/Firefox.app/Contents/MacOS/firefox-bin" "--marionette" "-foreground" "-no-remote" "-profile" "/var/folders/24/fsvtdk8115lbk1p0nh750zp80000gn/T/rust_mozprofilefKyQkj"
console.warn: SearchSettings: "get: No settings file exists, new profile?" (new Error("", "(unknown module)"))
console.warn: SearchSettings: "get: No settings file exists, new profile?" (new Error("", "(unknown module)"))
1612771515802	Marionette	INFO	Listening on port 61515
1612771516320	Marionette	WARN	TLS certificate errors will be ignored for this session
1612771516673	Marionette	ERROR	[19] No reply from Marionette:Register
JavaScript error: https://cdn.sstatic.net/Js/stub.en.js?v=20f022965ce3, line 1: ReferenceError: $ is not defined
JavaScript error: https://cdn.sstatic.net/Js/stub.en.js?v=20f022965ce3, line 1: ReferenceError: $ is not defined
JavaScript error: https://stackoverflow.com/, line 275: TypeError: StackExchange.ready is not a function
JavaScript error: https://stackoverflow.com/, line 1158: ReferenceError: $ is not defined
JavaScript error: https://stackoverflow.com/, line 1468: TypeError: StackExchange.ready is not a function
JavaScript error: https://stackoverflow.com/, line 1481: TypeError: StackExchange.ready is not a function
1612771594084	Marionette	INFO	Stopped listening on port 61515

###!!! [Parent][RunMessage] Error: Channel closing: too late to send/recv, messages will be lost

1612771684693	geckodriver	INFO	Listening on 127.0.0.1:61764
1612771685468	mozrunner::runner	INFO	Running command: "/Applications/Firefox.app/Contents/MacOS/firefox-bin" "--marionette" "-foreground" "-no-remote" "-profile" "/var/folders/24/fsvtdk8115lbk1p0nh750zp80000gn/T/rust_mozprofileQhaWiY"
console.warn: SearchSettings: "get: No settings file exists, new profile?" (new Error("", "(unknown module)"))
console.error: Region.jsm: "Error fetching region" (new Error("TIMEOUT", "resource://gre/modules/Region.jsm", 775))
console.error: Region.jsm: "Failed to fetch region" (new Error("TIMEOUT", "resource://gre/modules/Region.jsm", 422))
1612771731929	Marionette	INFO	Listening on port 61775
1612771732420	Marionette	WARN	TLS certificate errors will be ignored for this session
1612771733108	Marionette	ERROR	[19] No reply from Marionette:Register
1612771754504	Marionette	WARN	TimedPromise timed out after 500 ms: stacktrace:
TimedPromise/<@chrome://marionette/content/sync.js:235:19
TimedPromise@chrome://marionette/content/sync.js:220:10
interaction.flushEventLoop@chrome://marionette/content/interaction.js:418:10
webdriverClickElement@chrome://marionette/content/interaction.js:179:31
1612771760636	Marionette	INFO	Stopped listening on port 61775

###!!! [Parent][RunMessage] Error: Channel closing: too late to send/recv, messages will be lost

1612771822095	geckodriver	INFO	Listening on 127.0.0.1:62302
1612771823033	mozrunner::runner	INFO	Running command: "/Applications/Firefox.app/Contents/MacOS/firefox-bin" "--marionette" "-foreground" "-no-remote" "-profile" "/var/folders/24/fsvtdk8115lbk1p0nh750zp80000gn/T/rust_mozprofileH73D9c"
console.warn: SearchSettings: "get: No settings file exists, new profile?" (new Error("", "(unknown module)"))
console.error: Region.jsm: "Error fetching region" (new Error("TIMEOUT", "resource://gre/modules/Region.jsm", 775))
console.error: Region.jsm: "Failed to fetch region" (new Error("TIMEOUT", "resource://gre/modules/Region.jsm", 422))
1612771866713	Marionette	INFO	Listening on port 62313
1612771867576	Marionette	WARN	TLS certificate errors will be ignored for this session
1612771867898	Marionette	ERROR	[19] No reply from Marionette:Register
JavaScript error: , line 0: NotFoundError: No such JSWindowActor 'MarionetteEvents'
1612771909104	Marionette	INFO	Stopped listening on port 62313

###!!! [Parent][RunMessage] Error: Channel closing: too late to send/recv, messages will be lost

1612772092476	geckodriver	INFO	Listening on 127.0.0.1:62871
1612772093472	mozrunner::runner	INFO	Running command: "/Applications/Firefox.app/Contents/MacOS/firefox-bin" "--marionette" "-foreground" "-no-remote" "-profile" "/var/folders/24/fsvtdk8115lbk1p0nh750zp80000gn/T/rust_mozprofilebeENeo"
console.warn: SearchSettings: "get: No settings file exists, new profile?" (new Error("", "(unknown module)"))
console.error: Region.jsm: "Error fetching region" (new Error("TIMEOUT", "resource://gre/modules/Region.jsm", 775))
console.error: Region.jsm: "Failed to fetch region" (new Error("TIMEOUT", "resource://gre/modules/Region.jsm", 422))
1612772142905	Marionette	INFO	Listening on port 62882
1612772143760	Marionette	WARN	TLS certificate errors will be ignored for this session
1612772144083	Marionette	ERROR	[19] No reply from Marionette:Register
1612772168036	Marionette	WARN	TimedPromise timed out after 500 ms: stacktrace:
TimedPromise/<@chrome://marionette/content/sync.js:235:19
TimedPromise@chrome://marionette/content/sync.js:220:10
interaction.flushEventLoop@chrome://marionette/content/interaction.js:418:10
webdriverClickElement@chrome://marionette/content/interaction.js:179:31
JavaScript error: , line 0: NotFoundError: No such JSWindowActor 'MarionetteEvents'
Exiting due to channel error.
Exiting due to channel error.
Exiting due to channel error.
1612772211277	geckodriver	INFO	Listening on 127.0.0.1:63470
1612772211497	mozrunner::runner	INFO	Running command: "/Applications/Firefox.app/Contents/MacOS/firefox-bin" "--marionette" "-foreground" "-no-remote" "-profile" "/var/folders/24/fsvtdk8115lbk1p0nh750zp80000gn/T/rust_mozprofile1cXrGG"
console.warn: SearchSettings: "get: No settings file exists, new profile?" (new Error("", "(unknown module)"))
console.warn: SearchSettings: "get: No settings file exists, new profile?" (new Error("", "(unknown module)"))
1612772227491	Marionette	INFO	Listening on port 63479
1612772227631	Marionette	WARN	TLS certificate errors will be ignored for this session
1612772227691	Marionette	ERROR	[19] No reply from Marionette:Register
1612772233929	Marionette	WARN	TimedPromise timed out after 500 ms: stacktrace:
TimedPromise/<@chrome://marionette/content/sync.js:235:19
TimedPromise@chrome://marionette/content/sync.js:220:10
interaction.flushEventLoop@chrome://marionette/content/interaction.js:418:10
webdriverClickElement@chrome://marionette/content/interaction.js:179:31
1612772266766	Marionette	INFO	Stopped listening on port 63479
1612773206938	geckodriver	INFO	Listening on 127.0.0.1:63822
1612773207971	mozrunner::runner	INFO	Running command: "/Applications/Firefox.app/Contents/MacOS/firefox-bin" "--marionette" "-foreground" "-no-remote" "-profile" "/var/folders/24/fsvtdk8115lbk1p0nh750zp80000gn/T/rust_mozprofileSUOdnS"
Exiting due to channel error.
1612773267666	geckodriver	INFO	Listening on 127.0.0.1:64261
1612773267884	mozrunner::runner	INFO	Running command: "/Applications/Firefox.app/Contents/MacOS/firefox-bin" "--marionette" "-foreground" "-no-remote" "-profile" "/var/folders/24/fsvtdk8115lbk1p0nh750zp80000gn/T/rust_mozprofilebBUlOr"
console.warn: SearchSettings: "get: No settings file exists, new profile?" (new Error("", "(unknown module)"))
console.error: Region.jsm: "Error fetching region" (new Error("TIMEOUT", "resource://gre/modules/Region.jsm", 775))
console.error: Region.jsm: "Failed to fetch region" (new Error("TIMEOUT", "resource://gre/modules/Region.jsm", 422))
1612773307326	Marionette	INFO	Listening on port 64270
1612773307898	Marionette	WARN	TLS certificate errors will be ignored for this session
1612773308156	Marionette	ERROR	[16] No reply from Marionette:Register
1612773334628	Marionette	WARN	TimedPromise timed out after 500 ms: stacktrace:
TimedPromise/<@chrome://marionette/content/sync.js:235:19
TimedPromise@chrome://marionette/content/sync.js:220:10
interaction.flushEventLoop@chrome://marionette/content/interaction.js:418:10
webdriverClickElement@chrome://marionette/content/interaction.js:179:31
1612773343978	Marionette	INFO	Stopped listening on port 64270

###!!! [Parent][RunMessage] Error: Channel closing: too late to send/recv, messages will be lost

1612854961506	geckodriver	INFO	Listening on 127.0.0.1:50342
1612854963165	mozrunner::runner	INFO	Running command: "/Applications/Firefox.app/Contents/MacOS/firefox-bin" "--marionette" "-foreground" "-no-remote" "-profile" "/var/folders/24/fsvtdk8115lbk1p0nh750zp80000gn/T/rust_mozprofilejap8mm"
Exiting due to channel error.
Exiting due to channel error.
1612855052677	geckodriver	INFO	Listening on 127.0.0.1:50944
1612855052784	mozrunner::runner	INFO	Running command: "/Applications/Firefox.app/Contents/MacOS/firefox-bin" "--marionette" "-foreground" "-no-remote" "-profile" "/var/folders/24/fsvtdk8115lbk1p0nh750zp80000gn/T/rust_mozprofileyR0axD"
console.warn: SearchSettings: "get: No settings file exists, new profile?" (new Error("", "(unknown module)"))
console.error: Region.jsm: "Error fetching region" (new AbortError("The operation was aborted. ", (void 0), 773))
console.error: Region.jsm: "Failed to fetch region" (new Error("NO_RESULT", "resource://gre/modules/Region.jsm", 422))
1612855070748	Marionette	INFO	Listening on port 50953
1612855072332	Marionette	WARN	TLS certificate errors will be ignored for this session
1612855073037	Marionette	ERROR	[19] No reply from Marionette:Register
JavaScript error: resource://gre/actors/AutoCompleteChild.jsm, line 125: Error: Invalid autocomplete selectedIndex
JavaScript error: resource://gre/actors/AutoCompleteChild.jsm, line 125: Error: Invalid autocomplete selectedIndex
JavaScript error: resource://gre/modules/LoginManagerChild.jsm, line 190: NS_ERROR_XPC_JAVASCRIPT_ERROR_WITH_DETAILS: [JavaScript Error: "Invalid autocomplete selectedIndex" {file: "resource://gre/actors/AutoCompleteChild.jsm" line: 125}]'[JavaScript Error: "Invalid autocomplete selectedIndex" {file: "resource://gre/actors/AutoCompleteChild.jsm" line: 125}]' when calling method: [nsIAutoCompletePopup::selectedIndex]
1612855093334	Marionette	ERROR	[33] No reply from Marionette:Register
1612855123749	Marionette	ERROR	[35] No reply from Marionette:Register
1612855126706	Marionette	INFO	Stopped listening on port 50953

###!!! [Parent][RunMessage] Error: Channel closing: too late to send/recv, messages will be lost

1612855169595	geckodriver	INFO	Listening on 127.0.0.1:51228
1612855169834	mozrunner::runner	INFO	Running command: "/Applications/Firefox.app/Contents/MacOS/firefox-bin" "--marionette" "-foreground" "-no-remote" "-profile" "/var/folders/24/fsvtdk8115lbk1p0nh750zp80000gn/T/rust_mozprofileOsjbX1"
console.warn: SearchSettings: "get: No settings file exists, new profile?" (new Error("", "(unknown module)"))
1612855179879	Marionette	INFO	Listening on port 51237
1612855180003	Marionette	WARN	TLS certificate errors will be ignored for this session
1612855180021	Marionette	ERROR	[19] No reply from Marionette:Register
console.warn: SearchSettings: "get: No settings file exists, new profile?" (new Error("", "(unknown module)"))
JavaScript error: resource://gre/actors/AutoCompleteChild.jsm, line 125: Error: Invalid autocomplete selectedIndex
JavaScript error: resource://gre/actors/AutoCompleteChild.jsm, line 125: Error: Invalid autocomplete selectedIndex
JavaScript error: resource://gre/modules/LoginManagerChild.jsm, line 190: NS_ERROR_XPC_JAVASCRIPT_ERROR_WITH_DETAILS: [JavaScript Error: "Invalid autocomplete selectedIndex" {file: "resource://gre/actors/AutoCompleteChild.jsm" line: 125}]'[JavaScript Error: "Invalid autocomplete selectedIndex" {file: "resource://gre/actors/AutoCompleteChild.jsm" line: 125}]' when calling method: [nsIAutoCompletePopup::selectedIndex]
1612855195039	Marionette	ERROR	[33] No reply from Marionette:Register
1612855206112	Marionette	ERROR	[35] No reply from Marionette:Register
1612855209104	Marionette	INFO	Stopped listening on port 51237

###!!! [Parent][RunMessage] Error: Channel closing: too late to send/recv, messages will be lost

